0 info it worked if it ends with ok
1 verbose cli [ '/usr/bin/node', '/usr/bin/npm', 'install', '-g', 'webpack' ]
2 info using npm@1.4.28
3 info using node@v0.10.33
4 verbose node symlink /usr/bin/node
5 verbose cache add [ 'webpack', null ]
6 verbose cache add name=undefined spec="webpack" args=["webpack",null]
7 verbose parsed url { protocol: null,
7 verbose parsed url   slashes: null,
7 verbose parsed url   auth: null,
7 verbose parsed url   host: null,
7 verbose parsed url   port: null,
7 verbose parsed url   hostname: null,
7 verbose parsed url   hash: null,
7 verbose parsed url   search: null,
7 verbose parsed url   query: null,
7 verbose parsed url   pathname: 'webpack',
7 verbose parsed url   path: 'webpack',
7 verbose parsed url   href: 'webpack' }
8 silly lockFile 057b6197-webpack webpack
9 verbose lock webpack /home/eric/.npm/057b6197-webpack.lock
10 silly lockFile 057b6197-webpack webpack
11 silly lockFile 057b6197-webpack webpack
12 verbose addNamed [ 'webpack', '' ]
13 verbose addNamed [ null, '*' ]
14 silly lockFile 9c8dd08b-webpack webpack@
15 verbose lock webpack@ /home/eric/.npm/9c8dd08b-webpack.lock
16 silly addNameRange { name: 'webpack', range: '*', hasData: false }
17 verbose request where is /webpack
18 verbose request registry https://registry.npmjs.org/
19 verbose request id 6c8ec7c3bc9b5e10
20 verbose url raw /webpack
21 verbose url resolving [ 'https://registry.npmjs.org/', './webpack' ]
22 verbose url resolved https://registry.npmjs.org/webpack
23 verbose request where is https://registry.npmjs.org/webpack
24 info trying registry request attempt 1 at 22:34:20
25 verbose etag "7QQ3MREGXHDCT8C7FJAIJXWW4"
26 http GET https://registry.npmjs.org/webpack
27 http 304 https://registry.npmjs.org/webpack
28 silly registry.get cb [ 304,
28 silly registry.get   { date: 'Sat, 18 Jul 2015 02:34:20 GMT',
28 silly registry.get     via: '1.1 varnish',
28 silly registry.get     'cache-control': 'max-age=60',
28 silly registry.get     etag: '"7QQ3MREGXHDCT8C7FJAIJXWW4"',
28 silly registry.get     age: '0',
28 silly registry.get     connection: 'keep-alive',
28 silly registry.get     'x-served-by': 'cache-atl6231-ATL',
28 silly registry.get     'x-cache': 'HIT',
28 silly registry.get     'x-cache-hits': '1',
28 silly registry.get     'x-timer': 'S1437186860.937168,VS0,VE97',
28 silly registry.get     vary: 'Accept' } ]
29 verbose etag https://registry.npmjs.org/webpack from cache
30 silly addNameRange number 2 { name: 'webpack', range: '*', hasData: true }
31 silly addNameRange versions [ 'webpack',
31 silly addNameRange   [ '0.1.0',
31 silly addNameRange     '0.1.1',
31 silly addNameRange     '0.1.2',
31 silly addNameRange     '0.1.3',
31 silly addNameRange     '0.1.4',
31 silly addNameRange     '0.1.5',
31 silly addNameRange     '0.1.6',
31 silly addNameRange     '0.2.0',
31 silly addNameRange     '0.2.1',
31 silly addNameRange     '0.2.2',
31 silly addNameRange     '0.2.3',
31 silly addNameRange     '0.2.4',
31 silly addNameRange     '0.2.6',
31 silly addNameRange     '0.2.7',
31 silly addNameRange     '0.2.8',
31 silly addNameRange     '0.3.0',
31 silly addNameRange     '0.3.1',
31 silly addNameRange     '0.3.2',
31 silly addNameRange     '0.3.3',
31 silly addNameRange     '0.3.4',
31 silly addNameRange     '0.3.6',
31 silly addNameRange     '0.3.7',
31 silly addNameRange     '0.3.8',
31 silly addNameRange     '0.3.9',
31 silly addNameRange     '0.3.10',
31 silly addNameRange     '0.3.11',
31 silly addNameRange     '0.3.12',
31 silly addNameRange     '0.3.13',
31 silly addNameRange     '0.3.14',
31 silly addNameRange     '0.3.15',
31 silly addNameRange     '0.3.16',
31 silly addNameRange     '0.3.17',
31 silly addNameRange     '0.3.18',
31 silly addNameRange     '0.3.19',
31 silly addNameRange     '0.3.20',
31 silly addNameRange     '0.4.0',
31 silly addNameRange     '0.4.1',
31 silly addNameRange     '0.4.2',
31 silly addNameRange     '0.4.3',
31 silly addNameRange     '0.4.4',
31 silly addNameRange     '0.4.5',
31 silly addNameRange     '0.4.6',
31 silly addNameRange     '0.4.7',
31 silly addNameRange     '0.4.8',
31 silly addNameRange     '0.4.9',
31 silly addNameRange     '0.4.10',
31 silly addNameRange     '0.4.11',
31 silly addNameRange     '0.4.12',
31 silly addNameRange     '0.4.13',
31 silly addNameRange     '0.4.14',
31 silly addNameRange     '0.4.15',
31 silly addNameRange     '0.4.16',
31 silly addNameRange     '0.4.17',
31 silly addNameRange     '0.4.18',
31 silly addNameRange     '0.4.19',
31 silly addNameRange     '0.4.20',
31 silly addNameRange     '0.4.21',
31 silly addNameRange     '0.4.23',
31 silly addNameRange     '0.4.24',
31 silly addNameRange     '0.4.25',
31 silly addNameRange     '0.5.0',
31 silly addNameRange     '0.5.1',
31 silly addNameRange     '0.5.2',
31 silly addNameRange     '0.5.3',
31 silly addNameRange     '0.5.4',
31 silly addNameRange     '0.5.5',
31 silly addNameRange     '0.5.6',
31 silly addNameRange     '0.5.7',
31 silly addNameRange     '0.5.8',
31 silly addNameRange     '0.5.10',
31 silly addNameRange     '0.6.0',
31 silly addNameRange     '0.6.1',
31 silly addNameRange     '0.6.2',
31 silly addNameRange     '0.7.0-beta',
31 silly addNameRange     '0.7.0-beta2',
31 silly addNameRange     '0.7.0-beta3',
31 silly addNameRange     '0.7.0-beta4',
31 silly addNameRange     '0.7.0-beta5',
31 silly addNameRange     '0.7.0-beta6',
31 silly addNameRange     '0.7.0-beta7',
31 silly addNameRange     '0.7.0-beta8',
31 silly addNameRange     '0.7.0',
31 silly addNameRange     '0.7.1',
31 silly addNameRange     '0.7.2',
31 silly addNameRange     '0.7.3',
31 silly addNameRange     '0.7.4',
31 silly addNameRange     '0.7.5',
31 silly addNameRange     '0.7.6',
31 silly addNameRange     '0.7.7',
31 silly addNameRange     '0.7.8',
31 silly addNameRange     '0.7.9',
31 silly addNameRange     '0.7.11',
31 silly addNameRange     '0.7.12',
31 silly addNameRange     '0.7.13',
31 silly addNameRange     '0.7.14',
31 silly addNameRange     '0.7.15',
31 silly addNameRange     '0.7.16',
31 silly addNameRange     '0.7.17',
31 silly addNameRange     '0.8.0-beta1',
31 silly addNameRange     '0.8.0-beta2',
31 silly addNameRange     '0.8.0-beta3',
31 silly addNameRange     '0.8.0-beta4',
31 silly addNameRange     '0.8.0',
31 silly addNameRange     '0.8.2',
31 silly addNameRange     '0.8.3',
31 silly addNameRange     '0.9.0-beta1',
31 silly addNameRange     '0.9.0-beta2',
31 silly addNameRange     '0.9.0-beta4',
31 silly addNameRange     '0.9.0-beta5',
31 silly addNameRange     '0.9.0-beta6',
31 silly addNameRange     '0.9.0-beta7',
31 silly addNameRange     '0.9.0-beta8',
31 silly addNameRange     '0.9.0-beta9',
31 silly addNameRange     '0.9.0-beta10',
31 silly addNameRange     '0.9.0-beta11',
31 silly addNameRange     '0.9.0-beta12',
31 silly addNameRange     '0.9.0-beta13',
31 silly addNameRange     '0.9.0-beta14',
31 silly addNameRange     '0.9.0-beta15',
31 silly addNameRange     '0.9.0-beta16',
31 silly addNameRange     '0.9.0-beta17',
31 silly addNameRange     '0.9.0-beta18',
31 silly addNameRange     '0.9.0-beta19',
31 silly addNameRange     '0.9.0-beta20',
31 silly addNameRange     '0.9.0-beta21',
31 silly addNameRange     '0.9.0-beta22',
31 silly addNameRange     '0.9.0-beta23',
31 silly addNameRange     '0.9.0-beta24',
31 silly addNameRange     '0.9.0-beta25',
31 silly addNameRange     '0.9.0-beta26',
31 silly addNameRange     '0.9.0-beta27',
31 silly addNameRange     '0.9.0-beta28',
31 silly addNameRange     '0.9.0-beta29',
31 silly addNameRange     '0.9.0-beta30',
31 silly addNameRange     '0.9.0-beta31',
31 silly addNameRange     '0.9.0-beta32',
31 silly addNameRange     '0.9.0-beta33',
31 silly addNameRange     '0.9.0-beta34',
31 silly addNameRange     '0.9.0-beta35',
31 silly addNameRange     '0.9.0-beta36',
31 silly addNameRange     '0.9.0-beta37',
31 silly addNameRange     '0.9.0-beta38',
31 silly addNameRange     '0.9.0',
31 silly addNameRange     '0.9.1',
31 silly addNameRange     '0.9.2',
31 silly addNameRange     '0.9.3',
31 silly addNameRange     '0.10.0-beta2',
31 silly addNameRange     '0.10.0-beta3',
31 silly addNameRange     '0.10.0-beta5',
31 silly addNameRange     '0.10.0-beta6',
31 silly addNameRange     '0.10.0-beta7',
31 silly addNameRange     '0.10.0-beta8',
31 silly addNameRange     '0.10.0-beta9',
31 silly addNameRange     '0.10.0-beta10',
31 silly addNameRange     '0.10.0-beta11',
31 silly addNameRange     '0.10.0-beta12',
31 silly addNameRange     '0.10.0-beta13',
31 silly addNameRange     '0.10.0-beta14',
31 silly addNameRange     '0.10.0-beta15',
31 silly addNameRange     '0.10.0-beta16',
31 silly addNameRange     '0.10.0-beta17',
31 silly addNameRange     '0.10.0-beta18',
31 silly addNameRange     '0.10.0-beta19',
31 silly addNameRange     '0.10.0-beta20',
31 silly addNameRange     '0.10.0-beta21',
31 silly addNameRange     '0.10.0-beta22',
31 silly addNameRange     '0.10.0-beta23',
31 silly addNameRange     '0.10.0-beta24',
31 silly addNameRange     '0.10.0-beta25',
31 silly addNameRange     '0.10.0',
31 silly addNameRange     '0.11.0-beta1',
31 silly addNameRange     '0.11.0-beta2',
31 silly addNameRange     '0.11.0-beta3',
31 silly addNameRange     '0.11.0-beta4',
31 silly addNameRange     '0.11.0-beta5',
31 silly addNameRange     '0.11.0-beta6',
31 silly addNameRange     '0.11.0-beta7',
31 silly addNameRange     '0.11.0-beta8',
31 silly addNameRange     '0.11.0-beta9',
31 silly addNameRange     '0.11.0-beta10',
31 silly addNameRange     '0.11.0-beta11',
31 silly addNameRange     '0.11.0-beta12',
31 silly addNameRange     '0.11.0-beta13',
31 silly addNameRange     '0.11.0-beta14',
31 silly addNameRange     '0.11.0-beta15',
31 silly addNameRange     '0.11.0-beta16',
31 silly addNameRange     '0.11.0-beta17',
31 silly addNameRange     '0.11.0-beta18',
31 silly addNameRange     '0.11.0-beta19',
31 silly addNameRange     '0.11.0-beta20',
31 silly addNameRange     '0.11.0-beta21',
31 silly addNameRange     '0.11.0-beta22',
31 silly addNameRange     '0.11.0-beta23',
31 silly addNameRange     '0.11.0-beta24',
31 silly addNameRange     '0.11.0-beta25',
31 silly addNameRange     '0.11.0-beta26',
31 silly addNameRange     '0.11.0-beta27',
31 silly addNameRange     '0.11.0-beta28',
31 silly addNameRange     '0.11.0-beta29',
31 silly addNameRange     '0.11.0',
31 silly addNameRange     '0.11.1',
31 silly addNameRange     '0.11.2',
31 silly addNameRange     '0.11.3',
31 silly addNameRange     '0.11.4',
31 silly addNameRange     '0.11.5',
31 silly addNameRange     '0.11.6',
31 silly addNameRange     '0.11.7',
31 silly addNameRange     '0.11.8',
31 silly addNameRange     '0.11.9',
31 silly addNameRange     '0.11.10',
31 silly addNameRange     '0.11.11',
31 silly addNameRange     '0.11.12',
31 silly addNameRange     '0.11.13',
31 silly addNameRange     '0.11.14',
31 silly addNameRange     '0.11.15',
31 silly addNameRange     '1.0.0-beta1',
31 silly addNameRange     '1.0.0-beta2',
31 silly addNameRange     '1.0.0-beta3',
31 silly addNameRange     '1.0.0-beta4',
31 silly addNameRange     '0.11.16',
31 silly addNameRange     '0.11.17',
31 silly addNameRange     '0.11.18',
31 silly addNameRange     '1.0.0-beta5',
31 silly addNameRange     '1.0.0-beta6',
31 silly addNameRange     '1.0.0-beta7',
31 silly addNameRange     '1.0.0-beta8',
31 silly addNameRange     '1.0.0-beta9',
31 silly addNameRange     '1.0.0-rc1',
31 silly addNameRange     '1.0.0-rc2',
31 silly addNameRange     '1.0.0-rc3',
31 silly addNameRange     '1.0.0-rc4',
31 silly addNameRange     '1.0.0-rc5',
31 silly addNameRange     '1.0.0-rc7',
31 silly addNameRange     '1.0.0-rc8',
31 silly addNameRange     '1.0.0-rc9',
31 silly addNameRange     '1.0.0-rc11',
31 silly addNameRange     '1.0.0-rc12',
31 silly addNameRange     '1.0.0',
31 silly addNameRange     '1.0.1',
31 silly addNameRange     '1.0.3',
31 silly addNameRange     '1.0.4',
31 silly addNameRange     '1.0.5',
31 silly addNameRange     '1.1.0-beta1',
31 silly addNameRange     '1.1.0-beta2',
31 silly addNameRange     '1.1.0-beta3',
31 silly addNameRange     '1.1.0-beta4',
31 silly addNameRange     '1.1.0-beta5',
31 silly addNameRange     '1.1.0-beta6',
31 silly addNameRange     '1.1.0-beta7',
31 silly addNameRange     '1.1.0-beta8',
31 silly addNameRange     '1.1.0-beta9',
31 silly addNameRange     '1.1.0-beta10',
31 silly addNameRange     '1.1.0-beta12',
31 silly addNameRange     '1.1.0',
31 silly addNameRange     '1.1.1',
31 silly addNameRange     '1.1.2',
31 silly addNameRange     '1.1.3',
31 silly addNameRange     '1.1.4',
31 silly addNameRange     '1.1.5',
31 silly addNameRange     '1.1.6',
31 silly addNameRange     '1.1.7',
31 silly addNameRange     '1.1.8',
31 silly addNameRange     '1.1.9',
31 silly addNameRange     '1.1.10',
31 silly addNameRange     '1.1.11',
31 silly addNameRange     '1.2.0-beta1',
31 silly addNameRange     '1.2.0-beta2',
31 silly addNameRange     '1.2.0-beta4',
31 silly addNameRange     '1.2.0-beta5',
31 silly addNameRange     '1.2.0-beta6',
31 silly addNameRange     '1.3.0-beta1',
31 silly addNameRange     '1.3.0-beta2',
31 silly addNameRange     '1.3.0-beta3',
31 silly addNameRange     '1.3.0-beta4',
31 silly addNameRange     '1.3.0-beta5',
31 silly addNameRange     '1.3.0-beta6',
31 silly addNameRange     '1.3.0-beta7',
31 silly addNameRange     '1.3.0-beta8',
31 silly addNameRange     '1.3.0-beta9',
31 silly addNameRange     '1.3.1-beta1',
31 silly addNameRange     '1.3.1-beta2',
31 silly addNameRange     '1.3.1-beta3',
31 silly addNameRange     '1.3.1-beta4',
31 silly addNameRange     '1.3.1-beta5',
31 silly addNameRange     '1.3.1-beta6',
31 silly addNameRange     '1.3.1-beta7',
31 silly addNameRange     '1.3.1-beta8',
31 silly addNameRange     '1.3.1-beta9',
31 silly addNameRange     '1.3.2-beta1',
31 silly addNameRange     '1.3.2-beta2',
31 silly addNameRange     '1.3.2-beta3',
31 silly addNameRange     '1.3.2-beta4',
31 silly addNameRange     '1.3.2-beta5',
31 silly addNameRange     '1.3.2-beta6',
31 silly addNameRange     '1.3.2-beta7',
31 silly addNameRange     '1.3.2-beta8',
31 silly addNameRange     '1.3.2-beta9',
31 silly addNameRange     '1.3.3-beta1',
31 silly addNameRange     '1.3.3-beta2',
31 silly addNameRange     '1.3.4',
31 silly addNameRange     '1.3.5',
31 silly addNameRange     '1.3.6',
31 silly addNameRange     '1.3.7',
31 silly addNameRange     '1.4.0-beta1',
31 silly addNameRange     '1.4.0-beta2',
31 silly addNameRange     '1.4.0-beta3',
31 silly addNameRange     '1.4.0-beta4',
31 silly addNameRange     '1.4.0-beta5',
31 silly addNameRange     '1.4.0-beta6',
31 silly addNameRange     '1.4.0-beta7',
31 silly addNameRange     '1.4.0-beta8',
31 silly addNameRange     '1.4.0-beta9',
31 silly addNameRange     '1.4.0-beta10',
31 silly addNameRange     '1.4.1-beta1',
31 silly addNameRange     '1.4.2',
31 silly addNameRange     '1.4.3',
31 silly addNameRange     '1.4.4',
31 silly addNameRange     '1.4.5',
31 silly addNameRange     '1.4.6',
31 silly addNameRange     '1.4.7',
31 silly addNameRange     '1.4.8',
31 silly addNameRange     '1.4.9',
31 silly addNameRange     '1.4.10',
31 silly addNameRange     '1.4.11',
31 silly addNameRange     '1.4.12',
31 silly addNameRange     '1.4.13',
31 silly addNameRange     '1.4.14',
31 silly addNameRange     '1.4.15',
31 silly addNameRange     '1.5.0',
31 silly addNameRange     '1.5.1',
31 silly addNameRange     '1.5.2',
31 silly addNameRange     '1.5.3',
31 silly addNameRange     '1.6.0',
31 silly addNameRange     '1.7.0',
31 silly addNameRange     '1.7.1',
31 silly addNameRange     '1.7.2',
31 silly addNameRange     '1.7.3',
31 silly addNameRange     '1.8.0',
31 silly addNameRange     '1.8.1',
31 silly addNameRange     '1.8.2',
31 silly addNameRange     '1.8.3',
31 silly addNameRange     '1.8.4',
31 silly addNameRange     '1.8.5',
31 silly addNameRange     '1.8.6',
31 silly addNameRange     '1.8.7',
31 silly addNameRange     '1.8.8',
31 silly addNameRange     '1.8.9',
31 silly addNameRange     '1.8.10',
31 silly addNameRange     '1.8.11',
31 silly addNameRange     '1.9.0',
31 silly addNameRange     '1.9.1',
31 silly addNameRange     '1.9.2',
31 silly addNameRange     '1.9.3',
31 silly addNameRange     '1.9.4',
31 silly addNameRange     '1.9.5',
31 silly addNameRange     '1.9.6',
31 silly addNameRange     '1.9.7',
31 silly addNameRange     '1.9.8',
31 silly addNameRange     '1.9.9',
31 silly addNameRange     '1.9.10',
31 silly addNameRange     '1.9.11',
31 silly addNameRange     '1.9.12',
31 silly addNameRange     '1.9.13',
31 silly addNameRange     '1.10.0',
31 silly addNameRange     '1.10.1' ] ]
32 verbose addNamed [ 'webpack', '1.10.1' ]
33 verbose addNamed [ '1.10.1', '1.10.1' ]
34 silly lockFile e0671634-webpack-1-10-1 webpack@1.10.1
35 verbose lock webpack@1.10.1 /home/eric/.npm/e0671634-webpack-1-10-1.lock
36 silly lockFile e0671634-webpack-1-10-1 webpack@1.10.1
37 silly lockFile e0671634-webpack-1-10-1 webpack@1.10.1
38 silly lockFile 9c8dd08b-webpack webpack@
39 silly lockFile 9c8dd08b-webpack webpack@
40 silly resolved [ { name: 'webpack',
40 silly resolved     version: '1.10.1',
40 silly resolved     author: { name: 'Tobias Koppers @sokra' },
40 silly resolved     description: 'Packs CommonJs/AMD modules for the browser. Allows to split your codebase into multiple bundles, which can be loaded on demand. Support loaders to preprocess files, i.e. json, jade, coffee, css, less, ... and your custom stuff.',
40 silly resolved     dependencies:
40 silly resolved      { async: '~0.9.0',
40 silly resolved        clone: '~1.0.2',
40 silly resolved        'enhanced-resolve': '~0.8.2',
40 silly resolved        esprima: '~1.2.0',
40 silly resolved        interpret: '^0.5.2',
40 silly resolved        'memory-fs': '~0.2.0',
40 silly resolved        mkdirp: '~0.5.0',
40 silly resolved        optimist: '~0.6.0',
40 silly resolved        'supports-color': '^1.2.0',
40 silly resolved        tapable: '~0.1.8',
40 silly resolved        'uglify-js': '~2.4.13',
40 silly resolved        watchpack: '^0.2.1',
40 silly resolved        'webpack-core': '~0.6.0' },
40 silly resolved     peerDependencies: { 'node-libs-browser': '>= 0.4.0 <=0.6.0' },
40 silly resolved     license: 'MIT',
40 silly resolved     devDependencies:
40 silly resolved      { benchmark: '^1.0.0',
40 silly resolved        'bundle-loader': '~0.5.0',
40 silly resolved        'codecov.io': '^0.1.2',
40 silly resolved        'coffee-loader': '~0.7.1',
40 silly resolved        'component-webpack-plugin': '~0.2.0',
40 silly resolved        coveralls: '^2.11.2',
40 silly resolved        'css-loader': '~0.14.0',
40 silly resolved        eslint: '^0.21.0',
40 silly resolved        express: '~3.4.8',
40 silly resolved        'extract-text-webpack-plugin': '~0.8.0',
40 silly resolved        'file-loader': '~0.8.0',
40 silly resolved        'i18n-webpack-plugin': '~0.2.0',
40 silly resolved        istanbul: '^0.3.13',
40 silly resolved        'jade-loader': '~0.7.0',
40 silly resolved        'json-loader': '~0.5.1',
40 silly resolved        'less-loader': '^2.0.0',
40 silly resolved        microtime: '^1.2.0',
40 silly resolved        mocha: '~2.2.0',
40 silly resolved        'mocha-lcov-reporter': '0.0.2',
40 silly resolved        'raw-loader': '~0.5.0',
40 silly resolved        'script-loader': '~0.6.0',
40 silly resolved        should: '^6.0.1',
40 silly resolved        'style-loader': '~0.12.0',
40 silly resolved        'url-loader': '~0.5.0',
40 silly resolved        'val-loader': '~0.5.0',
40 silly resolved        'vm-browserify': '~0.0.0',
40 silly resolved        'webpack-dev-middleware': '^1.0.0',
40 silly resolved        'worker-loader': '~0.6.0' },
40 silly resolved     engines: { node: '>=0.6' },
40 silly resolved     repository:
40 silly resolved      { type: 'git',
40 silly resolved        url: 'git+ssh://git@github.com/webpack/webpack.git' },
40 silly resolved     homepage: 'http://github.com/webpack/webpack',
40 silly resolved     main: 'lib/webpack.js',
40 silly resolved     web: 'lib/webpack.web.js',
40 silly resolved     bin: { webpack: './bin/webpack.js' },
40 silly resolved     files: [ 'lib/', 'bin/', 'buildin/', 'hot/', 'web_modules/' ],
40 silly resolved     scripts:
40 silly resolved      { pretest: 'npm run lint',
40 silly resolved        test: 'mocha',
40 silly resolved        travis: 'npm run cover -- --report lcovonly',
40 silly resolved        lint: 'eslint lib',
40 silly resolved        precover: 'npm run lint',
40 silly resolved        cover: 'istanbul cover -x *.runtime.js node_modules/mocha/bin/_mocha',
40 silly resolved        'publish-patch': 'mocha && npm version patch && git push && git push --tags && npm publish' },
40 silly resolved     gitHead: 'f711f66f4cec8c72ba6a831eba8e662149508951',
40 silly resolved     bugs: { url: 'https://github.com/webpack/webpack/issues' },
40 silly resolved     _id: 'webpack@1.10.1',
40 silly resolved     _shasum: '0eab6b711ae6e919230546718291cc5cef115d2b',
40 silly resolved     _from: 'webpack@',
40 silly resolved     _npmVersion: '2.10.1',
40 silly resolved     _nodeVersion: '0.12.4',
40 silly resolved     _npmUser: { name: 'sokra', email: 'tobias.koppers@googlemail.com' },
40 silly resolved     maintainers: [ [Object] ],
40 silly resolved     dist:
40 silly resolved      { shasum: '0eab6b711ae6e919230546718291cc5cef115d2b',
40 silly resolved        tarball: 'http://registry.npmjs.org/webpack/-/webpack-1.10.1.tgz' },
40 silly resolved     directories: {},
40 silly resolved     _resolved: 'https://registry.npmjs.org/webpack/-/webpack-1.10.1.tgz',
40 silly resolved     readme: 'ERROR: No README data found!' } ]
41 info install webpack@1.10.1 into /usr/lib
42 info installOne webpack@1.10.1
43 verbose lib/node_modules/webpack unbuild
44 verbose tar unpack /home/eric/.npm/webpack/1.10.1/package.tgz
45 silly lockFile 27155615-tar-usr-lib-node-modules-webpack tar:///usr/lib/node_modules/webpack
46 verbose lock tar:///usr/lib/node_modules/webpack /home/eric/.npm/27155615-tar-usr-lib-node-modules-webpack.lock
47 silly lockFile 8a619eaf-c-npm-webpack-1-10-1-package-tgz tar:///home/eric/.npm/webpack/1.10.1/package.tgz
48 verbose lock tar:///home/eric/.npm/webpack/1.10.1/package.tgz /home/eric/.npm/8a619eaf-c-npm-webpack-1-10-1-package-tgz.lock
49 silly gunzTarPerm modes [ '755', '644' ]
50 error Error: EACCES, mkdir '/usr/lib/node_modules/webpack'
50 error  { [Error: EACCES, mkdir '/usr/lib/node_modules/webpack']
50 error   errno: 3,
50 error   code: 'EACCES',
50 error   path: '/usr/lib/node_modules/webpack',
50 error   fstream_type: 'Directory',
50 error   fstream_path: '/usr/lib/node_modules/webpack',
50 error   fstream_class: 'DirWriter',
50 error   fstream_stack:
50 error    [ '/usr/lib/node_modules/npm/node_modules/fstream/lib/dir-writer.js:36:23',
50 error      '/usr/lib/node_modules/npm/node_modules/mkdirp/index.js:46:53',
50 error      'Object.oncomplete (fs.js:107:15)' ] }
51 error Please try running this command again as root/Administrator.
52 error System Linux 3.13-1-amd64
53 error command "/usr/bin/node" "/usr/bin/npm" "install" "-g" "webpack"
54 error cwd /home/eric/Projects/vue-panel
55 error node -v v0.10.33
56 error npm -v 1.4.28
57 error path /usr/lib/node_modules/webpack
58 error fstream_path /usr/lib/node_modules/webpack
59 error fstream_type Directory
60 error fstream_class DirWriter
61 error code EACCES
62 error errno 3
63 error stack Error: EACCES, mkdir '/usr/lib/node_modules/webpack'
64 error fstream_stack /usr/lib/node_modules/npm/node_modules/fstream/lib/dir-writer.js:36:23
64 error fstream_stack /usr/lib/node_modules/npm/node_modules/mkdirp/index.js:46:53
64 error fstream_stack Object.oncomplete (fs.js:107:15)
65 verbose exit [ 3, true ]
